<?xml version="1.0" encoding="UTF-8"?>
<!-- Generated by org.testng.reporters.JUnitXMLReporter -->
<testsuite ignored="0" hostname="LAPTOP-SAHP40V1" failures="1" tests="1" name="BankingApp Test" time="56.255" errors="0" timestamp="2022-06-21T09:47:38 IST">
  <testcase classname="com.inetBanking.testCases.TC_LoginDDT_002" name="loginDDT" time="0.0">
    <failure type="java.lang.RuntimeException" message="java.lang.NoClassDefFoundError: org/apache/commons/io/output/UnsynchronizedByteArrayOutputStream">
      <![CDATA[java.lang.RuntimeException: java.lang.NoClassDefFoundError: org/apache/commons/io/output/UnsynchronizedByteArrayOutputStream
at java.base/java.util.ArrayList.forEach(ArrayList.java:1511)
Caused by: java.lang.NoClassDefFoundError: org/apache/commons/io/output/UnsynchronizedByteArrayOutputStream
at com.inetBanking.utilities.XLUtils.getRowCount(XLUtils.java:25)
at com.inetBanking.testCases.TC_LoginDDT_002.getData(TC_LoginDDT_002.java:70)
... 25 more
Caused by: java.lang.ClassNotFoundException: org.apache.commons.io.output.UnsynchronizedByteArrayOutputStream
at java.base/jdk.internal.loader.BuiltinClassLoader.loadClass(BuiltinClassLoader.java:641)
at java.base/jdk.internal.loader.ClassLoaders$AppClassLoader.loadClass(ClassLoaders.java:188)
at java.base/java.lang.ClassLoader.loadClass(ClassLoader.java:520)
... 34 more
... Removed 32 stack frames]]>
    </failure>
  </testcase> <!-- loginDDT -->
</testsuite> <!-- BankingApp Test -->
